0 info it worked if it ends with ok
1 verbose cli [ 'F:\\node.exe',
1 verbose cli   'F:\\node_modules\\npm\\bin\\npm-cli.js',
1 verbose cli   'start' ]
2 info using npm@3.10.10
3 info using node@v6.11.2
4 verbose run-script [ 'prestart', 'start', 'poststart' ]
5 info lifecycle tuling-robot@1.0.0~prestart: tuling-robot@1.0.0
6 silly lifecycle tuling-robot@1.0.0~prestart: no script for prestart, continuing
7 info lifecycle tuling-robot@1.0.0~start: tuling-robot@1.0.0
8 verbose lifecycle tuling-robot@1.0.0~start: unsafe-perm in lifecycle true
9 verbose lifecycle tuling-robot@1.0.0~start: PATH: F:\node_modules\npm\bin\node-gyp-bin;F:\Sublime\Packages\program\tuling-robot\node_modules\.bin;F:\Git\cmd;D:\bin;C:\Program Files (x86)\Intel\iCLS Client\;C:\Program Files\Intel\iCLS Client\;C:\Program Files\Dell\DW WLAN Card;C:\Windows\system32;C:\Windows;C:\Windows\System32\Wbem;C:\Windows\System32\WindowsPowerShell\v1.0\;c:\Program Files\WIDCOMM\Bluetooth Software\;c:\Program Files\WIDCOMM\Bluetooth Software\syswow64;C:\Program Files\Intel\Intel(R) Management Engine Components\DAL;C:\Program Files (x86)\Intel\Intel(R) Management Engine Components\DAL;C:\Program Files\Intel\Intel(R) Management Engine Components\IPT;C:\Program Files (x86)\Intel\Intel(R) Management Engine Components\IPT;E:\bin\win32;C:\Program Files\MySQL\MySQL Server 5.5\bin;F:\;C:\Ruby22-x64\bin;C:\Users\111\AppData\Roaming\npm
10 verbose lifecycle tuling-robot@1.0.0~start: CWD: F:\Sublime\Packages\program\tuling-robot
11 silly lifecycle tuling-robot@1.0.0~start: Args: [ '/d /s /c', 'tuling-robot/src/index.js' ]
12 silly lifecycle tuling-robot@1.0.0~start: Returned: code: 1  signal: null
13 info lifecycle tuling-robot@1.0.0~start: Failed to exec start script
14 verbose stack Error: tuling-robot@1.0.0 start: `tuling-robot/src/index.js`
14 verbose stack Exit status 1
14 verbose stack     at EventEmitter.<anonymous> (F:\node_modules\npm\lib\utils\lifecycle.js:255:16)
14 verbose stack     at emitTwo (events.js:106:13)
14 verbose stack     at EventEmitter.emit (events.js:191:7)
14 verbose stack     at ChildProcess.<anonymous> (F:\node_modules\npm\lib\utils\spawn.js:40:14)
14 verbose stack     at emitTwo (events.js:106:13)
14 verbose stack     at ChildProcess.emit (events.js:191:7)
14 verbose stack     at maybeClose (internal/child_process.js:891:16)
14 verbose stack     at Process.ChildProcess._handle.onexit (internal/child_process.js:226:5)
15 verbose pkgid tuling-robot@1.0.0
16 verbose cwd F:\Sublime\Packages\program\tuling-robot\src
17 error Windows_NT 6.3.9600
18 error argv "F:\\node.exe" "F:\\node_modules\\npm\\bin\\npm-cli.js" "start"
19 error node v6.11.2
20 error npm  v3.10.10
21 error code ELIFECYCLE
22 error tuling-robot@1.0.0 start: `tuling-robot/src/index.js`
22 error Exit status 1
23 error Failed at the tuling-robot@1.0.0 start script 'tuling-robot/src/index.js'.
23 error Make sure you have the latest version of node.js and npm installed.
23 error If you do, this is most likely a problem with the tuling-robot package,
23 error not with npm itself.
23 error Tell the author that this fails on your system:
23 error     tuling-robot/src/index.js
23 error You can get information on how to open an issue for this project with:
23 error     npm bugs tuling-robot
23 error Or if that isn't available, you can get their info via:
23 error     npm owner ls tuling-robot
23 error There is likely additional logging output above.
24 verbose exit [ 1, true ]
